{"/Users/dawchihliou/Sites/next-healthcare/www/pages/index/index.js": {"path":"/Users/dawchihliou/Sites/next-healthcare/www/pages/index/index.js","statementMap":{"0":{"start":{"line":8,"column":16},"end":{"line":8,"column":29}},"1":{"start":{"line":11,"column":2},"end":{"line":16,"column":9}},"2":{"start":{"line":12,"column":17},"end":{"line":12,"column":40}},"3":{"start":{"line":13,"column":4},"end":{"line":15,"column":5}},"4":{"start":{"line":14,"column":6},"end":{"line":14,"column":29}},"5":{"start":{"line":18,"column":2},"end":{"line":18,"column":38}},"6":{"start":{"line":21,"column":0},"end":{"line":29,"column":2}},"7":{"start":{"line":22,"column":19},"end":{"line":22,"column":75}},"8":{"start":{"line":24,"column":23},"end":{"line":26,"column":55}},"9":{"start":{"line":28,"column":2},"end":{"line":28,"column":26}}},"fnMap":{"0":{"name":"Index","decl":{"start":{"line":10,"column":9},"end":{"line":10,"column":14}},"loc":{"start":{"line":10,"column":33},"end":{"line":19,"column":1}},"line":10},"1":{"name":"(anonymous_1)","decl":{"start":{"line":11,"column":12},"end":{"line":11,"column":13}},"loc":{"start":{"line":11,"column":18},"end":{"line":16,"column":3}},"line":11},"2":{"name":"(anonymous_2)","decl":{"start":{"line":21,"column":24},"end":{"line":21,"column":25}},"loc":{"start":{"line":21,"column":37},"end":{"line":29,"column":1}},"line":21}},"branchMap":{"0":{"loc":{"start":{"line":13,"column":4},"end":{"line":15,"column":5}},"type":"if","locations":[{"start":{"line":13,"column":4},"end":{"line":15,"column":5}},{"start":{"line":13,"column":4},"end":{"line":15,"column":5}}],"line":13},"1":{"loc":{"start":{"line":22,"column":19},"end":{"line":22,"column":75}},"type":"cond-expr","locations":[{"start":{"line":22,"column":59},"end":{"line":22,"column":66}},{"start":{"line":22,"column":69},"end":{"line":22,"column":75}}],"line":22},"2":{"loc":{"start":{"line":24,"column":23},"end":{"line":26,"column":55}},"type":"cond-expr","locations":[{"start":{"line":25,"column":6},"end":{"line":25,"column":59}},{"start":{"line":26,"column":6},"end":{"line":26,"column":55}}],"line":24}},"s":{"0":1,"1":1,"2":1,"3":1,"4":0,"5":1,"6":1,"7":0,"8":0,"9":0},"f":{"0":1,"1":1,"2":0},"b":{"0":[0,1],"1":[0,0],"2":[0,0]},"_coverageSchema":"43e27e138ebf9cfc5966b082cf9a028302ed4184","hash":"75fd3bb7e9b0ccc666771c446ca6c0fd6542d7ab"}
,"/Users/dawchihliou/Sites/next-healthcare/www/src/components/login/index.js": {"path":"/Users/dawchihliou/Sites/next-healthcare/www/src/components/login/index.js","statementMap":{"0":{"start":{"line":17,"column":18},"end":{"line":54,"column":3}},"1":{"start":{"line":17,"column":39},"end":{"line":54,"column":1}},"2":{"start":{"line":57,"column":18},"end":{"line":57,"column":29}},"3":{"start":{"line":58,"column":19},"end":{"line":58,"column":32}},"4":{"start":{"line":59,"column":15},"end":{"line":59,"column":38}},"5":{"start":{"line":61,"column":28},"end":{"line":63,"column":8}},"6":{"start":{"line":62,"column":4},"end":{"line":62,"column":28}},"7":{"start":{"line":65,"column":28},"end":{"line":68,"column":8}},"8":{"start":{"line":66,"column":17},"end":{"line":66,"column":70}},"9":{"start":{"line":67,"column":4},"end":{"line":67,"column":30}},"10":{"start":{"line":70,"column":28},"end":{"line":72,"column":8}},"11":{"start":{"line":71,"column":4},"end":{"line":71,"column":41}},"12":{"start":{"line":74,"column":2},"end":{"line":111,"column":4}}},"fnMap":{"0":{"name":"(anonymous_0)","decl":{"start":{"line":17,"column":29},"end":{"line":17,"column":30}},"loc":{"start":{"line":17,"column":39},"end":{"line":54,"column":1}},"line":17},"1":{"name":"Login","decl":{"start":{"line":56,"column":24},"end":{"line":56,"column":29}},"loc":{"start":{"line":56,"column":32},"end":{"line":112,"column":1}},"line":56},"2":{"name":"(anonymous_2)","decl":{"start":{"line":61,"column":40},"end":{"line":61,"column":41}},"loc":{"start":{"line":61,"column":46},"end":{"line":63,"column":3}},"line":61},"3":{"name":"(anonymous_3)","decl":{"start":{"line":65,"column":40},"end":{"line":65,"column":41}},"loc":{"start":{"line":65,"column":48},"end":{"line":68,"column":3}},"line":65},"4":{"name":"(anonymous_4)","decl":{"start":{"line":70,"column":40},"end":{"line":70,"column":41}},"loc":{"start":{"line":70,"column":57},"end":{"line":72,"column":3}},"line":70}},"branchMap":{"0":{"loc":{"start":{"line":92,"column":13},"end":{"line":106,"column":13}},"type":"cond-expr","locations":[{"start":{"line":93,"column":14},"end":{"line":93,"column":61}},{"start":{"line":95,"column":14},"end":{"line":105,"column":16}}],"line":92},"1":{"loc":{"start":{"line":97,"column":18},"end":{"line":99,"column":96}},"type":"cond-expr","locations":[{"start":{"line":98,"column":22},"end":{"line":98,"column":96}},{"start":{"line":99,"column":22},"end":{"line":99,"column":96}}],"line":97}},"s":{"0":1,"1":1,"2":1,"3":1,"4":1,"5":1,"6":0,"7":1,"8":0,"9":0,"10":1,"11":0,"12":1},"f":{"0":1,"1":1,"2":0,"3":0,"4":0},"b":{"0":[0,1],"1":[0,1]},"_coverageSchema":"43e27e138ebf9cfc5966b082cf9a028302ed4184","hash":"15d63321d02254ed76698153f439710b434f45f8"}
,"/Users/dawchihliou/Sites/next-healthcare/www/src/selectors/index.js": {"path":"/Users/dawchihliou/Sites/next-healthcare/www/src/selectors/index.js","statementMap":{},"fnMap":{},"branchMap":{},"s":{},"f":{},"b":{},"_coverageSchema":"43e27e138ebf9cfc5966b082cf9a028302ed4184","hash":"7a7224c1a0772abcd312fc49730a5c637de17401"}
,"/Users/dawchihliou/Sites/next-healthcare/www/src/selectors/filter/index.js": {"path":"/Users/dawchihliou/Sites/next-healthcare/www/src/selectors/filter/index.js","statementMap":{"0":{"start":{"line":2,"column":28},"end":{"line":2,"column":49}},"1":{"start":{"line":2,"column":37},"end":{"line":2,"column":49}}},"fnMap":{"0":{"name":"(anonymous_0)","decl":{"start":{"line":2,"column":28},"end":{"line":2,"column":29}},"loc":{"start":{"line":2,"column":37},"end":{"line":2,"column":49}},"line":2}},"branchMap":{},"s":{"0":1,"1":0},"f":{"0":0},"b":{},"_coverageSchema":"43e27e138ebf9cfc5966b082cf9a028302ed4184","hash":"e384083f56eaae6e00d21b727593c8222792943c"}
,"/Users/dawchihliou/Sites/next-healthcare/www/src/selectors/provider/index.js": {"path":"/Users/dawchihliou/Sites/next-healthcare/www/src/selectors/provider/index.js","statementMap":{"0":{"start":{"line":1,"column":30},"end":{"line":1,"column":53}},"1":{"start":{"line":1,"column":39},"end":{"line":1,"column":53}},"2":{"start":{"line":2,"column":34},"end":{"line":2,"column":62}},"3":{"start":{"line":2,"column":43},"end":{"line":2,"column":62}}},"fnMap":{"0":{"name":"(anonymous_0)","decl":{"start":{"line":1,"column":30},"end":{"line":1,"column":31}},"loc":{"start":{"line":1,"column":39},"end":{"line":1,"column":53}},"line":1},"1":{"name":"(anonymous_1)","decl":{"start":{"line":2,"column":34},"end":{"line":2,"column":35}},"loc":{"start":{"line":2,"column":43},"end":{"line":2,"column":62}},"line":2}},"branchMap":{},"s":{"0":1,"1":0,"2":1,"3":0},"f":{"0":0,"1":0},"b":{},"_coverageSchema":"43e27e138ebf9cfc5966b082cf9a028302ed4184","hash":"4b52b8db40db003b246ba8c82d26ad16aabb3749"}
,"/Users/dawchihliou/Sites/next-healthcare/www/src/selectors/settings/index.js": {"path":"/Users/dawchihliou/Sites/next-healthcare/www/src/selectors/settings/index.js","statementMap":{"0":{"start":{"line":2,"column":36},"end":{"line":2,"column":66}},"1":{"start":{"line":2,"column":45},"end":{"line":2,"column":66}}},"fnMap":{"0":{"name":"(anonymous_0)","decl":{"start":{"line":2,"column":36},"end":{"line":2,"column":37}},"loc":{"start":{"line":2,"column":45},"end":{"line":2,"column":66}},"line":2}},"branchMap":{},"s":{"0":1,"1":0},"f":{"0":0},"b":{},"_coverageSchema":"43e27e138ebf9cfc5966b082cf9a028302ed4184","hash":"d92e10003d0dbe073fcc0e71f01e413ba6f22c2e"}
,"/Users/dawchihliou/Sites/next-healthcare/www/src/selectors/user/index.js": {"path":"/Users/dawchihliou/Sites/next-healthcare/www/src/selectors/user/index.js","statementMap":{"0":{"start":{"line":2,"column":26},"end":{"line":2,"column":45}},"1":{"start":{"line":2,"column":35},"end":{"line":2,"column":45}}},"fnMap":{"0":{"name":"(anonymous_0)","decl":{"start":{"line":2,"column":26},"end":{"line":2,"column":27}},"loc":{"start":{"line":2,"column":35},"end":{"line":2,"column":45}},"line":2}},"branchMap":{},"s":{"0":1,"1":2},"f":{"0":2},"b":{},"_coverageSchema":"43e27e138ebf9cfc5966b082cf9a028302ed4184","hash":"a70ce23de1a5c2af15ada0c47ddea344b194c564"}
,"/Users/dawchihliou/Sites/next-healthcare/www/src/store/actions/index.js": {"path":"/Users/dawchihliou/Sites/next-healthcare/www/src/store/actions/index.js","statementMap":{},"fnMap":{},"branchMap":{},"s":{},"f":{},"b":{},"_coverageSchema":"43e27e138ebf9cfc5966b082cf9a028302ed4184","hash":"9d5a8e2596ccc3db24185649d5200fe3dc0fc80c"}
,"/Users/dawchihliou/Sites/next-healthcare/www/src/store/actions/filter/index.js": {"path":"/Users/dawchihliou/Sites/next-healthcare/www/src/store/actions/filter/index.js","statementMap":{"0":{"start":{"line":2,"column":25},"end":{"line":2,"column":69}},"1":{"start":{"line":2,"column":37},"end":{"line":2,"column":68}}},"fnMap":{"0":{"name":"(anonymous_0)","decl":{"start":{"line":2,"column":25},"end":{"line":2,"column":26}},"loc":{"start":{"line":2,"column":37},"end":{"line":2,"column":68}},"line":2}},"branchMap":{},"s":{"0":1,"1":0},"f":{"0":0},"b":{},"_coverageSchema":"43e27e138ebf9cfc5966b082cf9a028302ed4184","hash":"2ffe436f5a37c021f70cb14bb5f3e6c6e08cb47f"}
,"/Users/dawchihliou/Sites/next-healthcare/www/src/store/actions/provider/index.js": {"path":"/Users/dawchihliou/Sites/next-healthcare/www/src/store/actions/provider/index.js","statementMap":{"0":{"start":{"line":7,"column":39},"end":{"line":9,"column":2}},"1":{"start":{"line":7,"column":46},"end":{"line":9,"column":1}},"2":{"start":{"line":11,"column":40},"end":{"line":14,"column":2}},"3":{"start":{"line":11,"column":52},"end":{"line":14,"column":1}},"4":{"start":{"line":16,"column":36},"end":{"line":19,"column":2}},"5":{"start":{"line":16,"column":48},"end":{"line":19,"column":1}},"6":{"start":{"line":22,"column":14},"end":{"line":22,"column":16}},"7":{"start":{"line":24,"column":2},"end":{"line":26,"column":5}},"8":{"start":{"line":25,"column":4},"end":{"line":25,"column":39}},"9":{"start":{"line":28,"column":2},"end":{"line":28,"column":27}},"10":{"start":{"line":31,"column":30},"end":{"line":56,"column":1}},"11":{"start":{"line":31,"column":55},"end":{"line":56,"column":1}},"12":{"start":{"line":32,"column":14},"end":{"line":32,"column":65}},"13":{"start":{"line":34,"column":2},"end":{"line":34,"column":31}},"14":{"start":{"line":35,"column":2},"end":{"line":35,"column":38}},"15":{"start":{"line":37,"column":2},"end":{"line":55,"column":3}},"16":{"start":{"line":38,"column":21},"end":{"line":44,"column":6}},"17":{"start":{"line":45,"column":28},"end":{"line":45,"column":49}},"18":{"start":{"line":46,"column":4},"end":{"line":48,"column":5}},"19":{"start":{"line":47,"column":6},"end":{"line":47,"column":44}},"20":{"start":{"line":50,"column":4},"end":{"line":52,"column":5}},"21":{"start":{"line":51,"column":6},"end":{"line":51,"column":47}},"22":{"start":{"line":54,"column":4},"end":{"line":54,"column":42}}},"fnMap":{"0":{"name":"(anonymous_0)","decl":{"start":{"line":7,"column":39},"end":{"line":7,"column":40}},"loc":{"start":{"line":7,"column":46},"end":{"line":9,"column":1}},"line":7},"1":{"name":"(anonymous_1)","decl":{"start":{"line":11,"column":40},"end":{"line":11,"column":41}},"loc":{"start":{"line":11,"column":52},"end":{"line":14,"column":1}},"line":11},"2":{"name":"(anonymous_2)","decl":{"start":{"line":16,"column":36},"end":{"line":16,"column":37}},"loc":{"start":{"line":16,"column":48},"end":{"line":19,"column":1}},"line":16},"3":{"name":"makeRoute","decl":{"start":{"line":21,"column":9},"end":{"line":21,"column":18}},"loc":{"start":{"line":21,"column":33},"end":{"line":29,"column":1}},"line":21},"4":{"name":"(anonymous_4)","decl":{"start":{"line":24,"column":18},"end":{"line":24,"column":19}},"loc":{"start":{"line":24,"column":34},"end":{"line":26,"column":3}},"line":24},"5":{"name":"(anonymous_5)","decl":{"start":{"line":31,"column":30},"end":{"line":31,"column":31}},"loc":{"start":{"line":31,"column":55},"end":{"line":56,"column":1}},"line":31},"6":{"name":"(anonymous_6)","decl":{"start":{"line":31,"column":55},"end":{"line":31,"column":56}},"loc":{"start":{"line":31,"column":73},"end":{"line":56,"column":1}},"line":31}},"branchMap":{"0":{"loc":{"start":{"line":31,"column":40},"end":{"line":31,"column":50}},"type":"default-arg","locations":[{"start":{"line":31,"column":48},"end":{"line":31,"column":50}}],"line":31},"1":{"loc":{"start":{"line":46,"column":4},"end":{"line":48,"column":5}},"type":"if","locations":[{"start":{"line":46,"column":4},"end":{"line":48,"column":5}},{"start":{"line":46,"column":4},"end":{"line":48,"column":5}}],"line":46},"2":{"loc":{"start":{"line":50,"column":4},"end":{"line":52,"column":5}},"type":"if","locations":[{"start":{"line":50,"column":4},"end":{"line":52,"column":5}},{"start":{"line":50,"column":4},"end":{"line":52,"column":5}}],"line":50}},"s":{"0":1,"1":0,"2":1,"3":0,"4":1,"5":0,"6":0,"7":0,"8":0,"9":0,"10":1,"11":0,"12":0,"13":0,"14":0,"15":0,"16":0,"17":0,"18":0,"19":0,"20":0,"21":0,"22":0},"f":{"0":0,"1":0,"2":0,"3":0,"4":0,"5":0,"6":0},"b":{"0":[0],"1":[0,0],"2":[0,0]},"_coverageSchema":"43e27e138ebf9cfc5966b082cf9a028302ed4184","hash":"c3a8c01fea1057e4cffce5c508890b7380188bd3"}
,"/Users/dawchihliou/Sites/next-healthcare/www/src/store/actions/user/index.js": {"path":"/Users/dawchihliou/Sites/next-healthcare/www/src/store/actions/user/index.js","statementMap":{"0":{"start":{"line":7,"column":27},"end":{"line":9,"column":2}},"1":{"start":{"line":7,"column":34},"end":{"line":9,"column":1}},"2":{"start":{"line":11,"column":37},"end":{"line":14,"column":2}},"3":{"start":{"line":11,"column":49},"end":{"line":14,"column":1}},"4":{"start":{"line":16,"column":23},"end":{"line":16,"column":44}},"5":{"start":{"line":18,"column":33},"end":{"line":21,"column":2}},"6":{"start":{"line":18,"column":45},"end":{"line":21,"column":1}},"7":{"start":{"line":23,"column":25},"end":{"line":42,"column":1}},"8":{"start":{"line":23,"column":36},"end":{"line":42,"column":1}},"9":{"start":{"line":24,"column":14},"end":{"line":24,"column":40}},"10":{"start":{"line":25,"column":18},"end":{"line":25,"column":31}},"11":{"start":{"line":27,"column":2},"end":{"line":27,"column":26}},"12":{"start":{"line":29,"column":2},"end":{"line":41,"column":3}},"13":{"start":{"line":30,"column":4},"end":{"line":34,"column":7}},"14":{"start":{"line":36,"column":4},"end":{"line":36,"column":45}},"15":{"start":{"line":37,"column":4},"end":{"line":37,"column":27}},"16":{"start":{"line":38,"column":4},"end":{"line":38,"column":52}},"17":{"start":{"line":40,"column":4},"end":{"line":40,"column":37}}},"fnMap":{"0":{"name":"(anonymous_0)","decl":{"start":{"line":7,"column":27},"end":{"line":7,"column":28}},"loc":{"start":{"line":7,"column":34},"end":{"line":9,"column":1}},"line":7},"1":{"name":"(anonymous_1)","decl":{"start":{"line":11,"column":37},"end":{"line":11,"column":38}},"loc":{"start":{"line":11,"column":49},"end":{"line":14,"column":1}},"line":11},"2":{"name":"(anonymous_2)","decl":{"start":{"line":18,"column":33},"end":{"line":18,"column":34}},"loc":{"start":{"line":18,"column":45},"end":{"line":21,"column":1}},"line":18},"3":{"name":"(anonymous_3)","decl":{"start":{"line":23,"column":25},"end":{"line":23,"column":26}},"loc":{"start":{"line":23,"column":36},"end":{"line":42,"column":1}},"line":23},"4":{"name":"(anonymous_4)","decl":{"start":{"line":23,"column":36},"end":{"line":23,"column":37}},"loc":{"start":{"line":23,"column":54},"end":{"line":42,"column":1}},"line":23}},"branchMap":{},"s":{"0":1,"1":0,"2":1,"3":0,"4":1,"5":1,"6":0,"7":1,"8":0,"9":0,"10":0,"11":0,"12":0,"13":0,"14":0,"15":0,"16":0,"17":0},"f":{"0":0,"1":0,"2":0,"3":0,"4":0},"b":{},"_coverageSchema":"43e27e138ebf9cfc5966b082cf9a028302ed4184","hash":"8348a1bbe2a0d617d5031824d2be3480e450f508"}
,"/Users/dawchihliou/Sites/next-healthcare/www/src/utils/get-root-url.js": {"path":"/Users/dawchihliou/Sites/next-healthcare/www/src/utils/get-root-url.js","statementMap":{"0":{"start":{"line":4,"column":2},"end":{"line":6,"column":3}},"1":{"start":{"line":5,"column":4},"end":{"line":5,"column":35}},"2":{"start":{"line":7,"column":2},"end":{"line":9,"column":40}}},"fnMap":{"0":{"name":"getRootUrl","decl":{"start":{"line":1,"column":24},"end":{"line":1,"column":34}},"loc":{"start":{"line":1,"column":37},"end":{"line":10,"column":1}},"line":1}},"branchMap":{"0":{"loc":{"start":{"line":4,"column":2},"end":{"line":6,"column":3}},"type":"if","locations":[{"start":{"line":4,"column":2},"end":{"line":6,"column":3}},{"start":{"line":4,"column":2},"end":{"line":6,"column":3}}],"line":4},"1":{"loc":{"start":{"line":7,"column":9},"end":{"line":9,"column":39}},"type":"cond-expr","locations":[{"start":{"line":8,"column":6},"end":{"line":8,"column":37}},{"start":{"line":9,"column":6},"end":{"line":9,"column":39}}],"line":7}},"s":{"0":0,"1":0,"2":0},"f":{"0":0},"b":{"0":[0,0],"1":[0,0]},"_coverageSchema":"43e27e138ebf9cfc5966b082cf9a028302ed4184","hash":"1b6db4c9a8c34ed97854d76e48a721c5460375cb"}
,"/Users/dawchihliou/Sites/next-healthcare/www/src/utils/index.js": {"path":"/Users/dawchihliou/Sites/next-healthcare/www/src/utils/index.js","statementMap":{},"fnMap":{},"branchMap":{},"s":{},"f":{},"b":{},"_coverageSchema":"43e27e138ebf9cfc5966b082cf9a028302ed4184","hash":"1f230c9be9d5b91ad751baaf6fbed9bfe424a540"}
}
